* Starting client
* Connecting to master process on port 12275
* Analyzing classpath: 
  - C:\Users\gspav\eclipse-workspace\EvoSuite_Final\target\test-classes
  - C:\Users\gspav\eclipse-workspace\EvoSuite_Final\target\classes
  - C:\Users\gspav\.m2\repository\junit\junit\4.12\junit-4.12.jar
  - C:\Users\gspav\.m2\repository\org\hamcrest\hamcrest-core\1.3\hamcrest-core-1.3.jar
  - C:\Users\gspav\.m2\repository\org\jacoco\org.jacoco.agent\0.8.7\org.jacoco.agent-0.8.7.jar
* Finished analyzing classpath
* Generating tests for class AVLTree
* Test criteria:
  - Line Coverage
  - Branch Coverage
  - Exception
  - Mutation testing (weak)
  - Method-Output Coverage
  - Top-Level Method Coverage
  - No-Exception Top-Level Method Coverage
  - Context Branch Coverage
* Setting up search algorithm for whole suite generation
[MASTER] 23:24:38.294 [pool-2-thread-1] WARN  TestSuiteSerialization - Cannot load tests because file does not exist: C:\Users\gspav\eclipse-workspace\EvoSuite_Final\.evosuite\evosuite-seeds\AVLTree.seed
* Loaded 0 tests from C:\Users\gspav\eclipse-workspace\EvoSuite_Final\.evosuite\evosuite-seeds\AVLTree.seed
* Total number of test goals: 
  - Line 78
  - Branch 48
  - Exception 0
  - MutationFactory 177
  - Output 10
  - Method 8
  - MethodNoException 8
  - CBranchFitnessFactory 48
* Using seed 1650169475976
* Starting evolution
* Search finished after 66s and 534 generations, 217005 statements, best individual has fitness: 24.25
* Writing sequences to pool
* Minimizing test suite
* Going to analyze the coverage criteria
* Coverage analysis for criterion LINE
* Coverage of criterion LINE: 100%
* Total number of goals: 78
* Number of covered goals: 78
* Coverage analysis for criterion BRANCH
* Coverage of criterion BRANCH: 98%
* Total number of goals: 48
* Number of covered goals: 47
* Coverage analysis for criterion EXCEPTION
* Coverage of criterion EXCEPTION: 100%
* Total number of goals: 3
* Number of covered goals: 3
* Coverage analysis for criterion WEAKMUTATION
* Coverage of criterion WEAKMUTATION: 98%
* Total number of goals: 177
* Number of covered goals: 173
* Coverage analysis for criterion OUTPUT
* Coverage of criterion OUTPUT: 100%
* Total number of goals: 10
* Number of covered goals: 10
* Coverage analysis for criterion METHOD
* Coverage of criterion METHOD: 100%
* Total number of goals: 8
* Number of covered goals: 8
* Coverage analysis for criterion METHODNOEXCEPTION
* Coverage of criterion METHODNOEXCEPTION: 100%
* Total number of goals: 8
* Number of covered goals: 8
* Coverage analysis for criterion CBRANCH
* Coverage of criterion CBRANCH: 58%
* Total number of goals: 48
* Number of covered goals: 28
* Generated 20 tests with total length 87
* Resulting test suite's coverage: 94% (average coverage for all fitness functions)
* Generating assertions
[MASTER] 23:26:02.168 [pool-2-thread-1] WARN  SimpleMutationAssertionGenerator - Reached maximum time to generate assertions, aborting assertion generation
* Resulting test suite's mutation score: 71%
* Compiling and checking tests
* Writing JUnit test case 'AVLTree_ESTest' to C:\Users\gspav\eclipse-workspace\EvoSuite_Final\.evosuite\tmp_2022_04_16_23_24_34\tests
* Done!

